(dev) deko@deko-X1:~/Python/Image Processing$ python3 image_pss.py
Traceback (most recent call last):
  File "/home/deko/Python/Image Processing/dev/lib/python3.13/site-packages/imageai/backend_check/backend_check.py", line 2, in <module>
    import torch
ModuleNotFoundError: No module named 'torch'

During handling of the above exception, another exception occurred:

Traceback (most recent call last):
  File "/home/deko/Python/Image Processing/dev/lib/python3.13/site-packages/imageai/backend_check/backend_check.py", line 6, in <module>
    import tensorflow
ModuleNotFoundError: No module named 'tensorflow'

During handling of the above exception, another exception occurred:

Traceback (most recent call last):
  File "/home/deko/Python/Image Processing/image_pss.py", line 1, in <module>
    from imageai.Classification import ImageClassification
  File "/home/deko/Python/Image Processing/dev/lib/python3.13/site-packages/imageai/__init__.py", line 1, in <module>
    from .backend_check import backend_check
  File "/home/deko/Python/Image Processing/dev/lib/python3.13/site-packages/imageai/backend_check/backend_check.py", line 11, in <module>
    raise RuntimeError("Dependency error!!! PyTorch and TorchVision are not installed. Please see installation instructions in the documentation https://imageai.readthedocs.io/")
RuntimeError: Dependency error!!! PyTorch and TorchVision are not installed. Please see installation instructions in the documentation https://imageai.readthedocs.io/
